<?xml version="1.0" encoding="UTF-8"?>
<testng-results skipped="0" failed="0" ignored="0" total="1" passed="1">
  <reporter-output>
  </reporter-output>
  <suite name="WebDriver" duration-ms="8427" started-at="2020-05-25T18:49:04Z" finished-at="2020-05-25T18:49:13Z">
    <groups>
    </groups>
    <test name="Test" duration-ms="8427" started-at="2020-05-25T18:49:04Z" finished-at="2020-05-25T18:49:13Z">
      <class name="webpage.project">
        <test-method status="PASS" signature="launch()[pri:0, instance:webpage.project@5a39699c]" name="launch" is-config="true" duration-ms="7590" started-at="2020-05-25T18:49:04Z" finished-at="2020-05-25T18:49:12Z">
          <reporter-output>
          </reporter-output>
        </test-method> <!-- launch -->
        <test-method status="PASS" signature="verify()[pri:0, instance:webpage.project@5a39699c]" name="verify" duration-ms="637" started-at="2020-05-25T18:49:12Z" finished-at="2020-05-25T18:49:13Z">
          <reporter-output>
          </reporter-output>
        </test-method> <!-- verify -->
        <test-method status="PASS" signature="afterMethod()[pri:0, instance:webpage.project@5a39699c]" name="afterMethod" is-config="true" duration-ms="160" started-at="2020-05-25T18:49:13Z" finished-at="2020-05-25T18:49:13Z">
          <reporter-output>
          </reporter-output>
        </test-method> <!-- afterMethod -->
      </class> <!-- webpage.project -->
    </test> <!-- Test -->
  </suite> <!-- WebDriver -->
</testng-results>
