<?xml version="1.0" encoding="UTF-8"?>
<testng-results skipped="0" failed="0" ignored="0" total="1" passed="1">
  <reporter-output>
  </reporter-output>
  <suite name="WebDriver" duration-ms="8239" started-at="2020-05-25T18:48:38Z" finished-at="2020-05-25T18:48:46Z">
    <groups>
    </groups>
    <test name="Test" duration-ms="8239" started-at="2020-05-25T18:48:38Z" finished-at="2020-05-25T18:48:46Z">
      <class name="webpage.project">
        <test-method status="PASS" signature="launch()[pri:0, instance:webpage.project@77caeb3e]" name="launch" is-config="true" duration-ms="7278" started-at="2020-05-26T00:18:38Z" finished-at="2020-05-26T00:18:45Z">
          <reporter-output>
          </reporter-output>
        </test-method> <!-- launch -->
        <test-method status="PASS" signature="verify()[pri:0, instance:webpage.project@77caeb3e]" name="verify" duration-ms="670" started-at="2020-05-26T00:18:45Z" finished-at="2020-05-26T00:18:46Z">
          <reporter-output>
          </reporter-output>
        </test-method> <!-- verify -->
        <test-method status="PASS" signature="afterMethod()[pri:0, instance:webpage.project@77caeb3e]" name="afterMethod" is-config="true" duration-ms="247" started-at="2020-05-26T00:18:46Z" finished-at="2020-05-26T00:18:46Z">
          <reporter-output>
          </reporter-output>
        </test-method> <!-- afterMethod -->
      </class> <!-- webpage.project -->
    </test> <!-- Test -->
  </suite> <!-- WebDriver -->
</testng-results>
